<?xml version="1.0" encoding="UTF-8"?>
<!-- Generated by org.testng.reporters.JUnitXMLReporter -->
<testsuite ignored="1" hostname="LAP-TZ-0X82240" failures="0" tests="1" name="Test" time="13.665" errors="0" timestamp="18 Feb 2024 06:55:10 GMT">
  <testcase classname="RahulShettyAcademy.tests.SubmitOrderTest" name="submitOrder" time="7.516"/>
  <testcase classname="RahulShettyAcademy.TestComponents.BaseTest" name="@BeforeTest launchApplication" time="0.0">
    <ignored/>
  </testcase> <!-- @BeforeTest launchApplication -->
</testsuite> <!-- Test -->
