<?xml version="1.0" encoding="UTF-8"?>
<testng-results ignored="1" total="2" passed="1" failed="0" skipped="0">
  <reporter-output>
  </reporter-output>
  <suite started-at="2024-02-18T06:54:56Z" name="Suite" finished-at="2024-02-18T06:55:10Z" duration-ms="13665">
    <groups>
    </groups>
    <test started-at="2024-02-18T06:54:56Z" name="Test" finished-at="2024-02-18T06:55:10Z" duration-ms="13665">
      <class name="RahulShettyAcademy.tests.SubmitOrderTest">
        <test-method is-config="true" signature="launchApplication()[pri:0, instance:RahulShettyAcademy.tests.SubmitOrderTest@727eb8cb]" started-at="2024-02-18T06:54:56Z" name="launchApplication" finished-at="2024-02-18T06:55:02Z" duration-ms="5891" status="PASS">
          <reporter-output>
          </reporter-output>
        </test-method> <!-- launchApplication -->
        <test-method signature="submitOrder()[pri:0, instance:RahulShettyAcademy.tests.SubmitOrderTest@727eb8cb]" started-at="2024-02-18T06:55:02Z" name="submitOrder" finished-at="2024-02-18T06:55:09Z" duration-ms="7516" status="PASS">
          <reporter-output>
          </reporter-output>
        </test-method> <!-- submitOrder -->
        <test-method is-config="true" signature="tearDown()[pri:0, instance:RahulShettyAcademy.tests.SubmitOrderTest@727eb8cb]" started-at="2024-02-18T06:55:09Z" name="tearDown" finished-at="2024-02-18T06:55:10Z" duration-ms="235" status="PASS">
          <reporter-output>
          </reporter-output>
        </test-method> <!-- tearDown -->
      </class> <!-- RahulShettyAcademy.tests.SubmitOrderTest -->
    </test> <!-- Test -->
  </suite> <!-- Suite -->
</testng-results>
