<?xml version="1.0" encoding="UTF-8"?>
<testng-results ignored="0" total="1" passed="1" failed="0" skipped="0">
  <reporter-output>
  </reporter-output>
  <suite started-at="2024-01-28T08:10:05Z" name="Default suite" finished-at="2024-01-28T08:10:15Z" duration-ms="9425">
    <groups>
    </groups>
    <test started-at="2024-01-28T08:10:05Z" name="Default test" finished-at="2024-01-28T08:10:15Z" duration-ms="9425">
      <class name="FlipkartTest.OrderTest">
        <test-method signature="findLowestPriceProduct()[pri:0, instance:FlipkartTest.OrderTest@2c2db130]" started-at="2024-01-28T08:10:05Z" name="findLowestPriceProduct" finished-at="2024-01-28T08:10:15Z" duration-ms="9355" status="PASS">
          <reporter-output>
          </reporter-output>
        </test-method> <!-- findLowestPriceProduct -->
      </class> <!-- FlipkartTest.OrderTest -->
    </test> <!-- Default test -->
  </suite> <!-- Default suite -->
</testng-results>
